2026-01-09 12:48:26,016 - Starting training with config:
{'name': 'poker_training_long', 'environment': {'game_type': 'kuhn', 'initial_stack': 100, 'ante': 1, 'max_raises': 4, 'seed': 42}, 'model': {'latent_dim': 128, 'num_heads': 8, 'num_layers': 4, 'ff_dim': 256, 'dropout': 0.1, 'card_embed_dim': 16, 'action_embed_dim': 16, 'bet_embed_dim': 16, 'max_sequence_length': 128, 'transition_type': 'deterministic', 'value_hidden_dim': 128, 'policy_hidden_dim': 128, 'predict_opponent_range': False}, 'training': {'num_iterations': 500, 'games_per_iteration': 256, 'batch_size': 64, 'learning_rate': 0.001, 'optimizer': 'adam', 'weight_decay': 1e-05, 'grad_clip': 1.0, 'search_type': 'mcts', 'num_simulations': 100, 'rollout_depth': 10, 'value_bootstrap_mix': 0.99, 'use_amp': False, 'checkpoint_freq': 10, 'early_stopping_patience': 50}, 'evaluation': {'eval_games': 100, 'compute_exploitability': False, 'probe_beliefs': True, 'eval_vs_random': True, 'eval_vs_checkpoint': True}}
2026-01-09 12:48:26,016 - Iteration 0: Running self-play...
2026-01-09 12:49:47,222 -   Average reward (P0): 0.570
2026-01-09 12:49:47,224 -   Training model...
2026-01-09 12:50:37,455 -   Exploitability: 0.166701
2026-01-09 12:50:37,455 -   Losses - Policy: 0.0180, Value: 0.0042, Transition: 0.4771
2026-01-09 12:50:37,481 - Saved checkpoint to logs/poker_training_long/checkpoint_iter0.pt
2026-01-09 12:50:37,481 - Iteration 1: Running self-play...
2026-01-09 12:51:50,136 -   Average reward (P0): 0.633
2026-01-09 12:51:50,139 -   Training model...
2026-01-09 12:51:51,310 -   Losses - Policy: 0.0150, Value: 0.0008, Transition: 0.3754
2026-01-09 12:51:51,310 - Iteration 2: Running self-play...
2026-01-09 12:53:07,121 -   Average reward (P0): 0.363
2026-01-09 12:53:07,122 -   Training model...
2026-01-09 12:53:08,203 -   Losses - Policy: 0.0160, Value: 0.0003, Transition: 0.2996
2026-01-09 12:53:08,203 - Iteration 3: Running self-play...
2026-01-09 12:54:19,882 -   Average reward (P0): 0.203
2026-01-09 12:54:19,884 -   Training model...
2026-01-09 12:54:20,962 -   Losses - Policy: 0.0164, Value: 0.0003, Transition: 0.2854
2026-01-09 12:54:20,962 - Iteration 4: Running self-play...
2026-01-09 12:55:35,699 -   Average reward (P0): 0.207
2026-01-09 12:55:35,701 -   Training model...
2026-01-09 12:55:36,858 -   Losses - Policy: 0.0154, Value: 0.0003, Transition: 0.3585
2026-01-09 12:55:36,858 - Iteration 5: Running self-play...
2026-01-09 12:56:52,168 -   Average reward (P0): 0.246
2026-01-09 12:56:52,170 -   Training model...
2026-01-09 12:57:35,147 -   Exploitability: 0.166701
2026-01-09 12:57:35,147 -   Losses - Policy: 0.0156, Value: 0.0002, Transition: 0.3263
2026-01-09 12:57:35,147 - Iteration 6: Running self-play...
